<?xml version="1.0" encoding="UTF-8"?>
<testng-results ignored="0" total="1" passed="1" failed="0" skipped="0">
  <reporter-output>
  </reporter-output>
  <suite started-at="2023-08-01T20:54:25 IST" name="Default suite" finished-at="2023-08-01T20:54:34 IST" duration-ms="8576">
    <groups>
    </groups>
    <test started-at="2023-08-01T20:54:25 IST" name="Default test" finished-at="2023-08-01T20:54:34 IST" duration-ms="8576">
      <class name="TS6.TStest6">
        <test-method is-config="true" signature="beforetest()[pri:0, instance:TS6.TStest6@17497425]" started-at="2023-08-01T20:54:25 IST" name="beforetest" finished-at="2023-08-01T20:54:31 IST" duration-ms="5485" status="PASS">
          <reporter-output>
          </reporter-output>
        </test-method> <!-- beforetest -->
        <test-method signature="test()[pri:0, instance:TS6.TStest6@17497425]" started-at="2023-08-01T20:54:31 IST" name="test" finished-at="2023-08-01T20:54:34 IST" duration-ms="2874" status="PASS">
          <reporter-output>
          </reporter-output>
        </test-method> <!-- test -->
        <test-method is-config="true" signature="teardown()[pri:0, instance:TS6.TStest6@17497425]" started-at="2023-08-01T20:54:34 IST" name="teardown" finished-at="2023-08-01T20:54:34 IST" duration-ms="186" status="PASS">
          <reporter-output>
          </reporter-output>
        </test-method> <!-- teardown -->
      </class> <!-- TS6.TStest6 -->
    </test> <!-- Default test -->
  </suite> <!-- Default suite -->
</testng-results>
